<?xml version="1.0" encoding="UTF-8"?>
<testng-results ignored="0" total="1" passed="1" failed="0" skipped="0">
  <reporter-output>
  </reporter-output>
  <suite started-at="2025-04-17T00:42:39 BDT" name="Default suite" finished-at="2025-04-17T00:43:01 BDT" duration-ms="22038">
    <groups>
    </groups>
    <test started-at="2025-04-17T00:42:39 BDT" name="Default test" finished-at="2025-04-17T00:43:01 BDT" duration-ms="22038">
      <class name="com.mehedi.hasan.tests.LoginTest">
        <test-method is-config="true" signature="StartBrowser()[pri:0, instance:com.mehedi.hasan.tests.LoginTest@45c7e403]" started-at="2025-04-17T00:42:37 BDT" name="StartBrowser" finished-at="2025-04-17T00:42:39 BDT" duration-ms="2669" status="PASS">
          <reporter-output>
          </reporter-output>
        </test-method> <!-- StartBrowser -->
        <test-method is-config="true" signature="openUrl()[pri:0, instance:com.mehedi.hasan.tests.LoginTest@45c7e403]" started-at="2025-04-17T00:42:39 BDT" name="openUrl" finished-at="2025-04-17T00:42:43 BDT" duration-ms="3627" status="PASS">
          <reporter-output>
          </reporter-output>
        </test-method> <!-- openUrl -->
        <test-method signature="loginIntoShop()[pri:0, instance:com.mehedi.hasan.tests.LoginTest@45c7e403]" started-at="2025-04-17T00:42:43 BDT" name="loginIntoShop" finished-at="2025-04-17T00:43:01 BDT" duration-ms="17762" status="PASS">
          <reporter-output>
          </reporter-output>
        </test-method> <!-- loginIntoShop -->
        <test-method is-config="true" signature="report()[pri:0, instance:com.mehedi.hasan.tests.LoginTest@45c7e403]" started-at="2025-04-17T00:43:01 BDT" name="report" finished-at="2025-04-17T00:43:01 BDT" duration-ms="567" status="PASS">
          <reporter-output>
          </reporter-output>
        </test-method> <!-- report -->
        <test-method is-config="true" signature="closeBrowse()[pri:0, instance:com.mehedi.hasan.tests.LoginTest@45c7e403]" started-at="2025-04-17T00:43:01 BDT" name="closeBrowse" finished-at="2025-04-17T00:43:02 BDT" duration-ms="190" status="PASS">
          <reporter-output>
          </reporter-output>
        </test-method> <!-- closeBrowse -->
      </class> <!-- com.mehedi.hasan.tests.LoginTest -->
    </test> <!-- Default test -->
  </suite> <!-- Default suite -->
</testng-results>
